P5 Printout for CS 3410
----------------------------------
Trace  		trace.1t.long.txt
Instruction Limit 	none
 *** Cache Configuration *** 
capacity   		524288 B
block_size 		   64 B
associativity 		2-way
n_set 			4096
n_cache_line 	8192
tag: 14, index: 12, offset: 6
Coherence Protocol: 	none
lru_on_invalidate_f: 	false
Processing trace...
1 0
Processed 100457 lines.
    *** Results for Core 0 ***
0.n_cpu_accesses 	100457
0.n_loads 		78301
0.n_stores 		22156
0.n_hits 		91744
0.n_misses 		8713
0.hit_rate 		91.33
0.miss_rate 		8.67
0.n_upgrade_miss 	4474
0.n_bus_snoops 	0
0.n_snoop_hits 	0
0.n_writebacks 	4239
Memory Traffic:
0.B_written_bus_to_cache 	286336
0.B_written_cache_to_bus_wb 	271296
0.B_written_cache_to_bus_wt 	88624
0.B_total_traffic_wb 	557632
0.B_total_traffic_wt 	88624
