P5 Printout for CS 3410
----------------------------------
Trace  		trace.1t.long.txt
Instruction Limit 	none
 *** Cache Configuration *** 
capacity   		131072 B
block_size 		   64 B
associativity 		4-way
n_set 			512
n_cache_line 	2048
tag: 17, index: 9, offset: 6
Coherence Protocol: 	none
lru_on_invalidate_f: 	false
Processing trace...
1 0
Processed 100457 lines.
    *** Results for Core 0 ***
0.n_cpu_accesses 	100457
0.n_loads 		78301
0.n_stores 		22156
0.n_hits 		43257
0.n_misses 		57200
0.hit_rate 		43.06
0.miss_rate 		56.94
0.n_upgrade_miss 	2026
0.n_bus_snoops 	0
0.n_snoop_hits 	0
0.n_writebacks 	55174
Memory Traffic:
0.B_written_bus_to_cache 	129664
0.B_written_cache_to_bus_wb 	3531136
0.B_written_cache_to_bus_wt 	88624
0.B_total_traffic_wb 	3660800
0.B_total_traffic_wt 	88624
