P5 Printout for CS 3410
----------------------------------
Trace  		trace.1t.long.txt
Instruction Limit 	none
 *** Cache Configuration *** 
capacity   		32768 B
block_size 		   64 B
associativity 		1-way
n_set 			512
n_cache_line 	512
tag: 17, index: 9, offset: 6
Coherence Protocol: 	none
lru_on_invalidate_f: 	false
Processing trace...
1 0
Processed 100457 lines.
    *** Results for Core 0 ***
0.n_cpu_accesses 	101642
0.n_loads 		79394
0.n_stores 		22248
0.n_hits 		94082
0.n_misses 		7560
0.hit_rate 		92.56
0.miss_rate 		7.44
0.n_upgrade_miss 	6375
0.n_bus_snoops 	0
0.n_snoop_hits 	0
0.n_writebacks 	1185
Memory Traffic:
0.B_written_bus_to_cache 	408000
0.B_written_cache_to_bus_wb 	75840
0.B_written_cache_to_bus_wt 	88992
0.B_total_traffic_wb 	483840
0.B_total_traffic_wt 	88992
