P5 Printout for CS 3410
----------------------------------
Trace  		trace.1t.long.txt
Instruction Limit 	none
 *** Cache Configuration *** 
capacity   		16384 B
block_size 		   64 B
associativity 		1-way
n_set 			256
n_cache_line 	256
tag: 18, index: 8, offset: 6
Coherence Protocol: 	none
lru_on_invalidate_f: 	false
Processing trace...
1 0
Processed 100457 lines.
    *** Results for Core 0 ***
0.n_cpu_accesses 	102250
0.n_loads 		79983
0.n_stores 		22267
0.n_hits 		91009
0.n_misses 		11241
0.hit_rate 		89.01
0.miss_rate 		10.99
0.n_upgrade_miss 	9448
0.n_bus_snoops 	0
0.n_snoop_hits 	0
0.n_writebacks 	1793
Memory Traffic:
0.B_written_bus_to_cache 	604672
0.B_written_cache_to_bus_wb 	114752
0.B_written_cache_to_bus_wt 	89068
0.B_total_traffic_wb 	719424
0.B_total_traffic_wt 	89068
