P5 Printout for CS 3410
----------------------------------
Trace  		trace.1t.long.txt
Instruction Limit 	none
 *** Cache Configuration *** 
capacity   		 2048 B
block_size 		   64 B
associativity 		4-way
n_set 			8
n_cache_line 	32
tag: 23, index: 3, offset: 6
Coherence Protocol: 	none
lru_on_invalidate_f: 	false
Processing trace...
1 0
Processed 100457 lines.
    *** Results for Core 0 ***
0.n_cpu_accesses 	107737
0.n_loads 		84325
0.n_stores 		23412
0.n_hits 		71525
0.n_misses 		36212
0.hit_rate 		66.39
0.miss_rate 		33.61
0.n_upgrade_miss 	28932
0.n_bus_snoops 	0
0.n_snoop_hits 	0
0.n_writebacks 	7280
Memory Traffic:
0.B_written_bus_to_cache 	1851648
0.B_written_cache_to_bus_wb 	465920
0.B_written_cache_to_bus_wt 	93648
0.B_total_traffic_wb 	2317568
0.B_total_traffic_wt 	93648
