P5 Printout for CS 3410
----------------------------------
Trace  		trace.1t.long.txt
Instruction Limit 	none
 *** Cache Configuration *** 
capacity   		16384 B
block_size 		   64 B
associativity 		2-way
n_set 			128
n_cache_line 	256
tag: 19, index: 7, offset: 6
Coherence Protocol: 	none
lru_on_invalidate_f: 	false
Processing trace...
1 0
Processed 100457 lines.
    *** Results for Core 0 ***
0.n_cpu_accesses 	102846
0.n_loads 		80519
0.n_stores 		22327
0.n_hits 		88112
0.n_misses 		14734
0.hit_rate 		85.67
0.miss_rate 		14.33
0.n_upgrade_miss 	12345
0.n_bus_snoops 	0
0.n_snoop_hits 	0
0.n_writebacks 	2389
Memory Traffic:
0.B_written_bus_to_cache 	790080
0.B_written_cache_to_bus_wb 	152896
0.B_written_cache_to_bus_wt 	89308
0.B_total_traffic_wb 	942976
0.B_total_traffic_wt 	89308
