P5 Printout for CS 3410
----------------------------------
Trace  		trace.1t.long.txt
Instruction Limit 	none
 *** Cache Configuration *** 
capacity   		 8192 B
block_size 		   64 B
associativity 		2-way
n_set 			64
n_cache_line 	128
tag: 20, index: 6, offset: 6
Coherence Protocol: 	none
lru_on_invalidate_f: 	false
Processing trace...
1 0
Processed 100457 lines.
    *** Results for Core 0 ***
0.n_cpu_accesses 	103728
0.n_loads 		81208
0.n_stores 		22520
0.n_hits 		83649
0.n_misses 		20079
0.hit_rate 		80.64
0.miss_rate 		19.36
0.n_upgrade_miss 	16808
0.n_bus_snoops 	0
0.n_snoop_hits 	0
0.n_writebacks 	3271
Memory Traffic:
0.B_written_bus_to_cache 	1075712
0.B_written_cache_to_bus_wb 	209344
0.B_written_cache_to_bus_wt 	90080
0.B_total_traffic_wb 	1285056
0.B_total_traffic_wt 	90080
