P5 Printout for CS 3410
----------------------------------
Trace  		trace.1t.long.txt
Instruction Limit 	none
 *** Cache Configuration *** 
capacity   		 4096 B
block_size 		   64 B
associativity 		2-way
n_set 			32
n_cache_line 	64
tag: 21, index: 5, offset: 6
Coherence Protocol: 	none
lru_on_invalidate_f: 	false
Processing trace...
1 0
Processed 100457 lines.
    *** Results for Core 0 ***
0.n_cpu_accesses 	104693
0.n_loads 		81998
0.n_stores 		22695
0.n_hits 		79550
0.n_misses 		25143
0.hit_rate 		75.98
0.miss_rate 		24.02
0.n_upgrade_miss 	20907
0.n_bus_snoops 	0
0.n_snoop_hits 	0
0.n_writebacks 	4236
Memory Traffic:
0.B_written_bus_to_cache 	1338048
0.B_written_cache_to_bus_wb 	271104
0.B_written_cache_to_bus_wt 	90780
0.B_total_traffic_wb 	1609152
0.B_total_traffic_wt 	90780
