P5 Printout for CS 3410
----------------------------------
Trace  		trace.1t.long.txt
Instruction Limit 	none
 *** Cache Configuration *** 
capacity   		 2048 B
block_size 		   64 B
associativity 		2-way
n_set 			16
n_cache_line 	32
tag: 22, index: 4, offset: 6
Coherence Protocol: 	none
lru_on_invalidate_f: 	false
Processing trace...
1 0
Processed 100457 lines.
    *** Results for Core 0 ***
0.n_cpu_accesses 	106011
0.n_loads 		82925
0.n_stores 		23086
0.n_hits 		75228
0.n_misses 		30783
0.hit_rate 		70.96
0.miss_rate 		29.04
0.n_upgrade_miss 	25229
0.n_bus_snoops 	0
0.n_snoop_hits 	0
0.n_writebacks 	5554
Memory Traffic:
0.B_written_bus_to_cache 	1614656
0.B_written_cache_to_bus_wb 	355456
0.B_written_cache_to_bus_wt 	92344
0.B_total_traffic_wb 	1970112
0.B_total_traffic_wt 	92344
